2021-11-13 19:14:30.429 [main] INFO  cn.edu.xmu.oomall.shop.Application - Starting Application using Java 15.0.2 on DESKTOP-66KVQ65 with PID 19020 (F:\oomall\shop\target\classes started by DELL in F:\oomall)
2021-11-13 19:14:30.431 [main] INFO  cn.edu.xmu.oomall.shop.Application - No active profile set, falling back to default profiles: default
2021-11-13 19:14:30.437 [background-preinit] INFO  org.hibernate.validator.internal.util.Version - HV000001: Hibernate Validator 6.2.0.Final
2021-11-13 19:14:32.785 [main] INFO  o.s.d.r.config.RepositoryConfigurationDelegate - Multiple Spring Data modules found, entering strict repository configuration mode!
2021-11-13 19:14:32.789 [main] INFO  o.s.d.r.config.RepositoryConfigurationDelegate - Bootstrapping Spring Data Redis repositories in DEFAULT mode.
2021-11-13 19:14:32.818 [main] INFO  o.s.d.r.config.RepositoryConfigurationDelegate - Finished Spring Data repository scanning in 13 ms. Found 0 Redis repository interfaces.
2021-11-13 19:14:33.464 [main] INFO  o.springframework.cloud.context.scope.GenericScope - BeanFactory id=c53a2907-a139-39fd-b743-0303c5105b72
2021-11-13 19:14:36.266 [main] INFO  o.s.boot.web.embedded.tomcat.TomcatWebServer - Tomcat initialized with port(s): 8081 (http)
2021-11-13 19:14:36.303 [main] INFO  org.apache.coyote.http11.Http11NioProtocol - Initializing ProtocolHandler ["http-nio-8081"]
2021-11-13 19:14:36.303 [main] INFO  org.apache.catalina.core.StandardService - Starting service [Tomcat]
2021-11-13 19:14:36.305 [main] INFO  org.apache.catalina.core.StandardEngine - Starting Servlet engine: [Apache Tomcat/9.0.54]
2021-11-13 19:14:36.637 [main] INFO  o.a.c.core.ContainerBase.[Tomcat].[localhost].[/] - Initializing Spring embedded WebApplicationContext
2021-11-13 19:14:36.637 [main] INFO  o.s.b.w.s.c.ServletWebServerApplicationContext - Root WebApplicationContext: initialization completed in 6011 ms
2021-11-13 19:14:37.795 [main] INFO  c.a.d.s.b.a.DruidDataSourceAutoConfigure - Init DruidDataSource
2021-11-13 19:14:44.536 [main] INFO  com.alibaba.druid.pool.DruidDataSource - {dataSource-1} inited
2021-11-13 19:14:45.075 [main] WARN  o.s.b.w.s.c.AnnotationConfigServletWebServerApplicationContext - Exception encountered during context initialization - cancelling refresh attempt: org.springframework.beans.factory.UnsatisfiedDependencyException: Error creating bean with name 'categoryController': Unsatisfied dependency expressed through field 'categoryService'; nested exception is org.springframework.beans.factory.UnsatisfiedDependencyException: Error creating bean with name 'categoryService': Unsatisfied dependency expressed through field 'categoryDao'; nested exception is org.springframework.beans.factory.UnsatisfiedDependencyException: Error creating bean with name 'categoryDao': Unsatisfied dependency expressed through field 'redisUtil'; nested exception is org.springframework.beans.factory.NoSuchBeanDefinitionException: No qualifying bean of type 'cn.edu.xmu.oomall.core.util.RedisUtil' available: expected at least 1 bean which qualifies as autowire candidate. Dependency annotations: {@org.springframework.beans.factory.annotation.Autowired(required=true)}
2021-11-13 19:14:45.075 [main] INFO  com.alibaba.druid.pool.DruidDataSource - {dataSource-1} closing ...
2021-11-13 19:14:45.110 [main] INFO  com.alibaba.druid.pool.DruidDataSource - {dataSource-1} closed
2021-11-13 19:14:45.113 [main] INFO  org.apache.catalina.core.StandardService - Stopping service [Tomcat]
2021-11-13 19:14:45.166 [main] INFO  o.s.b.a.l.ConditionEvaluationReportLoggingListener - 

Error starting ApplicationContext. To display the conditions report re-run your application with 'debug' enabled.
2021-11-13 19:14:45.461 [main] ERROR o.s.b.diagnostics.LoggingFailureAnalysisReporter - 

***************************
APPLICATION FAILED TO START
***************************

Description:

Field redisUtil in cn.edu.xmu.oomall.shop.dao.CategoryDao required a bean of type 'cn.edu.xmu.oomall.core.util.RedisUtil' that could not be found.

The injection point has the following annotations:
	- @org.springframework.beans.factory.annotation.Autowired(required=true)


Action:

Consider defining a bean of type 'cn.edu.xmu.oomall.core.util.RedisUtil' in your configuration.

